<?xml version="1.0" encoding="UTF-8"?>
<testng-results skipped="0" failed="0" ignored="0" total="1" passed="1">
  <reporter-output>
  </reporter-output>
  <suite name="Suite" duration-ms="111859" started-at="2020-01-19T23:23:02 IST" finished-at="2020-01-19T23:24:54 IST">
    <groups>
    </groups>
    <test name="Test" duration-ms="111859" started-at="2020-01-19T23:23:02 IST" finished-at="2020-01-19T23:24:54 IST">
      <class name="test.LoginTest">
        <test-method status="PASS" signature="loginTest()[pri:0, instance:test.LoginTest@e45f292]" name="loginTest" duration-ms="111646" started-at="2020-01-19T23:23:03 IST" finished-at="2020-01-19T23:24:54 IST">
          <reporter-output>
          </reporter-output>
        </test-method> <!-- loginTest -->
      </class> <!-- test.LoginTest -->
    </test> <!-- Test -->
  </suite> <!-- Suite -->
</testng-results>
